Using pre-set license
Built from '2020.3/staging' branch; Version is '2020.3.19f1 (68f137dc9bbe) revision 6877495'; Using compiler version '192528614'; Build Type 'Release'
OS: 'Windows 10 Pro; OS build 19043.1466; Version 2009; 64bit' Language: 'tr' Physical Memory: 16163 MB
BatchMode: 1, IsHumanControllingUs: 0, StartBugReporterOnCrash: 0, Is64bit: 1, IsPro: 0

COMMAND LINE ARGUMENTS:
C:\Program Files\Unity\Hub\Editor\2020.3.19f1\Editor\Unity.exe
-adb2
-batchMode
-noUpm
-name
AssetImportWorker0
-projectPath
C:/Users/rsl37/Unity Oyunlarim/OG-Project
-logFile
Logs/AssetImportWorker0.log
-srvPort
49705
Successfully changed project path to: C:/Users/rsl37/Unity Oyunlarim/OG-Project
C:/Users/rsl37/Unity Oyunlarim/OG-Project
Using Asset Import Pipeline V2.
Refreshing native plugins compatible for Editor in 36.31 ms, found 2 plugins.
Preloading 0 native plugins for Editor in 0.00 ms.
Initialize engine version: 2020.3.19f1 (68f137dc9bbe)
[Subsystems] Discovering subsystems at path C:/Program Files/Unity/Hub/Editor/2020.3.19f1/Editor/Data/Resources/UnitySubsystems
[Subsystems] Discovering subsystems at path C:/Users/rsl37/Unity Oyunlarim/OG-Project/Assets
GfxDevice: creating device client; threaded=0
Direct3D:
    Version:  Direct3D 11.0 [level 11.1]
    Renderer: NVIDIA GeForce RTX 3060 Laptop GPU (ID=0x2520)
    Vendor:   
    VRAM:     6023 MB
    Driver:   27.21.14.6230
Initialize mono
Mono path[0] = 'C:/Program Files/Unity/Hub/Editor/2020.3.19f1/Editor/Data/Managed'
Mono path[1] = 'C:/Program Files/Unity/Hub/Editor/2020.3.19f1/Editor/Data/MonoBleedingEdge/lib/mono/unityjit'
Mono config path = 'C:/Program Files/Unity/Hub/Editor/2020.3.19f1/Editor/Data/MonoBleedingEdge/etc'
Using monoOptions --debugger-agent=transport=dt_socket,embedding=1,server=y,suspend=n,address=127.0.0.1:56864
Begin MonoManager ReloadAssembly
Registering precompiled unity dll's ...
Register platform support module: C:/Program Files/Unity/Hub/Editor/2020.3.19f1/Editor/Data/PlaybackEngines/WindowsStandaloneSupport/UnityEditor.WindowsStandalone.Extensions.dll
Registered in 0.001278 seconds.
Native extension for WindowsStandalone target not found
Refreshing native plugins compatible for Editor in 36.81 ms, found 2 plugins.
Preloading 0 native plugins for Editor in 0.00 ms.
Mono: successfully reloaded assembly
- Completed reload, in  1.204 seconds
Domain Reload Profiling:
	ReloadAssembly (1204ms)
		BeginReloadAssembly (35ms)
			ExecutionOrderSort (0ms)
			DisableScriptedObjects (0ms)
			BackupInstance (0ms)
			ReleaseScriptingObjects (0ms)
			CreateAndSetChildDomain (1ms)
		EndReloadAssembly (309ms)
			LoadAssemblies (34ms)
			RebuildTransferFunctionScriptingTraits (0ms)
			SetupTypeCache (108ms)
			ReleaseScriptCaches (0ms)
			RebuildScriptCaches (21ms)
			SetupLoadedEditorAssemblies (128ms)
				LogAssemblyErrors (0ms)
				InitializePlatformSupportModulesInManaged (3ms)
				SetLoadedEditorAssemblies (0ms)
				RefreshPlugins (37ms)
				BeforeProcessingInitializeOnLoad (12ms)
				ProcessInitializeOnLoadAttributes (56ms)
				ProcessInitializeOnLoadMethodAttributes (20ms)
				AfterProcessingInitializeOnLoad (0ms)
				EditorAssembliesLoaded (0ms)
			ExecutionOrderSort2 (0ms)
			AwakeInstancesAfterBackupRestoration (0ms)
Platform modules already initialized, skipping
Registering precompiled user dll's ...
Registered in 0.002775 seconds.
Begin MonoManager ReloadAssembly
Native extension for WindowsStandalone target not found
Refreshing native plugins compatible for Editor in 0.50 ms, found 2 plugins.
Preloading 0 native plugins for Editor in 0.00 ms.
Mono: successfully reloaded assembly
- Completed reload, in  0.768 seconds
Domain Reload Profiling:
	ReloadAssembly (768ms)
		BeginReloadAssembly (98ms)
			ExecutionOrderSort (0ms)
			DisableScriptedObjects (3ms)
			BackupInstance (0ms)
			ReleaseScriptingObjects (0ms)
			CreateAndSetChildDomain (14ms)
		EndReloadAssembly (626ms)
			LoadAssemblies (61ms)
			RebuildTransferFunctionScriptingTraits (0ms)
			SetupTypeCache (210ms)
			ReleaseScriptCaches (0ms)
			RebuildScriptCaches (38ms)
			SetupLoadedEditorAssemblies (250ms)
				LogAssemblyErrors (0ms)
				InitializePlatformSupportModulesInManaged (4ms)
				SetLoadedEditorAssemblies (0ms)
				RefreshPlugins (1ms)
				BeforeProcessingInitializeOnLoad (68ms)
				ProcessInitializeOnLoadAttributes (167ms)
				ProcessInitializeOnLoadMethodAttributes (6ms)
				AfterProcessingInitializeOnLoad (4ms)
				EditorAssembliesLoaded (0ms)
			ExecutionOrderSort2 (0ms)
			AwakeInstancesAfterBackupRestoration (4ms)
Platform modules already initialized, skipping
========================================================================
Worker process is ready to serve import requests
Launched and connected shader compiler UnityShaderCompiler.exe after 0.03 seconds
Refreshing native plugins compatible for Editor in 0.47 ms, found 2 plugins.
Preloading 0 native plugins for Editor in 0.00 ms.
Unloading 2254 Unused Serialized files (Serialized files now loaded: 0)
System memory in use before: 121.0 MB.
System memory in use after: 120.8 MB.

Unloading 23 unused Assets to reduce memory usage. Loaded Objects now: 2710.
Total: 2.579100 ms (FindLiveObjects: 0.169600 ms CreateObjectMapping: 0.044800 ms MarkObjects: 2.088000 ms  DeleteObjects: 0.275400 ms)

AssetImportParameters requested are different than current active one (requested -> active):
  custom:framework-win-MediaFoundation: 216162199b28c13a410421893ffa2e32 -> 
  custom:video-decoder-ogg-theora: a1e56fd34408186e4bbccfd4996cb3dc -> 
  custom:container-muxer-webm: aa71ff27fc2769a1b78a27578f13a17b -> 
  custom:container-demuxer-webm: 4f35f7cbe854078d1ac9338744f61a02 -> 
  custom:container-demuxer-ogg: 62fdf1f143b41e24485cea50d1cbac27 -> 
  custom:video-encoder-webm-vp8: eb34c28f22e8b96e1ab97ce403110664 -> 
  custom:video-decoder-webm-vp8: 9c59270c3fd7afecdb556c50c9e8de78 -> 
  custom:audio-decoder-ogg-vorbis: bf7c407c2cedff20999df2af8eb42d56 -> 
  custom:audio-encoder-webm-vorbis: bf7c407c2cedff20999df2af8eb42d56 -> 
========================================================================
Received Import Request.
  path: Assets/Biyom/Prefabs/turuncu/Turuncu_Agac_3.prefab
  artifactKey: Guid(52308f029b8b90a42a33ba656c893df4) Importer(815301076,1909f56bfc062723c751e8b465ee728b)
Start importing Assets/Biyom/Prefabs/turuncu/Turuncu_Agac_3.prefab using Guid(52308f029b8b90a42a33ba656c893df4) Importer(815301076,1909f56bfc062723c751e8b465ee728b)  -> (artifact id: '3ee5b1b6ea3e5c351e9a903bfb18c7ec') in 0.078287 seconds 
  Import took 0.081494 seconds .

========================================================================
Received Import Request.
  Time since last request: 0.000190 seconds.
  path: Assets/Biyom/Prefabs/turuncu/Turuncu_Agac_2.prefab
  artifactKey: Guid(f301761e45f9ace4ca94af708dac6eff) Importer(815301076,1909f56bfc062723c751e8b465ee728b)
Start importing Assets/Biyom/Prefabs/turuncu/Turuncu_Agac_2.prefab using Guid(f301761e45f9ace4ca94af708dac6eff) Importer(815301076,1909f56bfc062723c751e8b465ee728b)  -> (artifact id: '3f369a88d3cb1f749965597860acab0f') in 0.012416 seconds 
  Import took 0.015519 seconds .

========================================================================
Received Import Request.
  Time since last request: 0.000186 seconds.
  path: Assets/Biyom/Prefabs/turuncu/Turuncu_Agac_1.prefab
  artifactKey: Guid(1307b733775a10146a09be719c0c868d) Importer(815301076,1909f56bfc062723c751e8b465ee728b)
Start importing Assets/Biyom/Prefabs/turuncu/Turuncu_Agac_1.prefab using Guid(1307b733775a10146a09be719c0c868d) Importer(815301076,1909f56bfc062723c751e8b465ee728b)  -> (artifact id: 'bd7f094626473acd85440bee4159ebcd') in 0.010216 seconds 
  Import took 0.013163 seconds .

========================================================================
Received Import Request.
  Time since last request: 0.870255 seconds.
  path: Assets/Prefab/EnemySkeleton.prefab
  artifactKey: Guid(6ddec8d8121a2fd4cb9b466b66c08d50) Importer(815301076,1909f56bfc062723c751e8b465ee728b)
Start importing Assets/Prefab/EnemySkeleton.prefab using Guid(6ddec8d8121a2fd4cb9b466b66c08d50) Importer(815301076,1909f56bfc062723c751e8b465ee728b)  -> (artifact id: 'b14a46b069fbd7715337d8281b315585') in 0.029824 seconds 
  Import took 0.033292 seconds .

========================================================================
Received Import Request.
  Time since last request: 0.000187 seconds.
  path: Assets/Prefab/EnemySmall.prefab
  artifactKey: Guid(7d0ba3e09d0505f40b0cde23fdab1909) Importer(815301076,1909f56bfc062723c751e8b465ee728b)
Start importing Assets/Prefab/EnemySmall.prefab using Guid(7d0ba3e09d0505f40b0cde23fdab1909) Importer(815301076,1909f56bfc062723c751e8b465ee728b)  -> (artifact id: '056e7f2ed4fcda380013a5083df0fb36') in 0.020992 seconds 
  Import took 0.024511 seconds .

========================================================================
Received Import Request.
  Time since last request: 4.865967 seconds.
  path: Assets/Prefab/Enemy/enemyfly.prefab
  artifactKey: Guid(525e2f608401e054c987a69328f0746d) Importer(815301076,1909f56bfc062723c751e8b465ee728b)
Start importing Assets/Prefab/Enemy/enemyfly.prefab using Guid(525e2f608401e054c987a69328f0746d) Importer(815301076,1909f56bfc062723c751e8b465ee728b)  -> (artifact id: '5834203755247d341e67dfc65befef17') in 0.017085 seconds 
  Import took 0.020796 seconds .

========================================================================
Received Import Request.
  Time since last request: 13.021038 seconds.
  path: Assets/Prefab/Player 1.prefab
  artifactKey: Guid(698b9c8229bc15c4fae0b845eeccb4d2) Importer(815301076,1909f56bfc062723c751e8b465ee728b)
Start importing Assets/Prefab/Player 1.prefab using Guid(698b9c8229bc15c4fae0b845eeccb4d2) Importer(815301076,1909f56bfc062723c751e8b465ee728b)  -> (artifact id: 'e47bc6567155a3e4f67254c7060d27a7') in 0.066068 seconds 
  Import took 0.070645 seconds .

========================================================================
Received Import Request.
  Time since last request: 10.306480 seconds.
  path: Assets/Prefab/Player.prefab
  artifactKey: Guid(7a52009d9a7292545bba1a122b9556ba) Importer(815301076,1909f56bfc062723c751e8b465ee728b)
Start importing Assets/Prefab/Player.prefab using Guid(7a52009d9a7292545bba1a122b9556ba) Importer(815301076,1909f56bfc062723c751e8b465ee728b)  -> (artifact id: '45666baa92e1609f4f1a386f6f0732f7') in 0.045520 seconds 
  Import took 0.050179 seconds .

